<?xml version="1.0" encoding="UTF-8"?>
<!-- Generated by org.testng.reporters.JUnitReportReporter -->
<testsuite hostname="CBT-036" name="jenkinsPackage.JenkinsClass" tests="1" failures="0" timestamp="6 Aug 2016 10:29:29 GMT" time="18.373" errors="0">
  <testcase name="testA" time="18.373" classname="jenkinsPackage.JenkinsClass"/>
</testsuite> <!-- jenkinsPackage.JenkinsClass -->
